<?xml version="1.0" encoding="UTF-8"?>
<testsuite xmlns:xsi="http://www.w3.org/2001/XMLSchema-instance" xsi:noNamespaceSchemaLocation="https://maven.apache.org/surefire/maven-surefire-plugin/xsd/surefire-test-report.xsd" version="3.0.2" name="Portafolio_NicolasP.PortafolioApplicationTests" time="3.966" tests="1" errors="0" skipped="0" failures="0" flakes="0">
  <properties>
[...]
</properties>
  <testcase name="contextLoads" classname="Portafolio_NicolasP.PortafolioApplicationTests" time="0.856">
    <system-out><![CDATA[19:22:24.779 [main] INFO org.springframework.test.context.support.AnnotationConfigContextLoaderUtils -- Could not detect default configuration classes for test class [Portafolio_NicolasP.PortafolioApplicationTests]: PortafolioApplicationTests does not declare any static, non-private, non-final, nested classes annotated with @Configuration.
19:22:24.958 [main] INFO org.springframework.boot.test.context.SpringBootTestContextBootstrapper -- Found @SpringBootConfiguration Portafolio_NicolasP.PortafolioApplication for test class Portafolio_NicolasP.PortafolioApplicationTests
19:22:25.117 [main] INFO org.springframework.test.context.support.AnnotationConfigContextLoaderUtils -- Could not detect default configuration classes for test class [Portafolio_NicolasP.PortafolioApplicationTests]: PortafolioApplicationTests does not declare any static, non-private, non-final, nested classes annotated with @Configuration.
19:22:25.121 [main] INFO org.springframework.boot.test.context.SpringBootTestContextBootstrapper -- Found @SpringBootConfiguration Portafolio_NicolasP.PortafolioApplication for test class Portafolio_NicolasP.PortafolioApplicationTests
19:22:25.221 [main] INFO org.springframework.boot.devtools.restart.RestartApplicationListener -- Restart disabled due to context in which it is running
07:22  INFO 17564 --- [Portafolio] [           main] P.PortafolioApplicationTests             : Starting PortafolioApplicationTests using Java 24.0.1 with PID 17564 (started by Nyko in C:\Proyectos\Portafolio_NicolasP\Portafolio_NicolasP)
07:22  INFO 17564 --- [Portafolio] [           main] P.PortafolioApplicationTests             : No active profile set, falling back to 1 default profile: "default"
07:22  INFO 17564 --- [Portafolio] [           main] o.s.b.w.a.WelcomePageHandlerMapping      : Adding welcome page template: index
07:22  INFO 17564 --- [Portafolio] [           main] P.PortafolioApplicationTests             : Started PortafolioApplicationTests in 2.331 seconds (process running for 4.118)
]]></system-out>
    <system-err><![CDATA[Mockito is currently self-attaching to enable the inline-mock-maker. This will no longer work in future releases of the JDK. Please add Mockito as an agent to your build as described in Mockito's documentation: https://javadoc.io/doc/org.mockito/mockito-core/latest/org.mockito/org/mockito/Mockito.html#0.3
WARNING: A Java agent has been loaded dynamically (C:\Users\nykom\.m2\repository\net\bytebuddy\byte-buddy-agent\1.18.11\byte-buddy-agent-1.18.11.jar)
WARNING: If a serviceability tool is in use, please run with -XX:+EnableDynamicAgentLoading to hide this warning
WARNING: If a serviceability tool is not in use, please run with -Djdk.instrument.traceUsage for more information
WARNING: Dynamic loading of agents will be disallowed by default in a future release
]]></system-err>
  </testcase>
</testsuite>